<?xml version="1.0" encoding="UTF-8"?>
<coverage generated="1709217767177" clover="3.2.0">
  <project timestamp="1709217767177" name="All files">
    <metrics statements="17" coveredstatements="15" conditionals="4" coveredconditionals="2" methods="4" coveredmethods="3" elements="25" coveredelements="20" complexity="0" loc="17" ncloc="17" packages="1" files="1" classes="1"/>
    <file name="clusterize.service.ts" path="C:\Users\Dragos\Desktop\image-processing-service\src\clusterize\clusterize.service.ts">
      <metrics statements="17" coveredstatements="15" conditionals="4" coveredconditionals="2" methods="4" coveredmethods="3"/>
      <line num="1" count="1" type="stmt"/>
      <line num="2" count="1" type="stmt"/>
      <line num="5" count="1" type="stmt"/>
      <line num="7" count="1" type="stmt"/>
      <line num="11" count="1" type="stmt"/>
      <line num="15" count="1" type="stmt"/>
      <line num="22" count="2" type="stmt"/>
      <line num="27" count="1" type="cond" truecount="1" falsecount="1"/>
      <line num="28" count="1" type="stmt"/>
      <line num="29" count="1" type="stmt"/>
      <line num="30" count="1" type="cond" truecount="1" falsecount="0"/>
      <line num="31" count="1" type="stmt"/>
      <line num="32" count="1" type="stmt"/>
      <line num="35" count="1" type="stmt"/>
      <line num="37" count="0" type="stmt"/>
      <line num="39" count="1" type="stmt"/>
      <line num="43" count="0" type="stmt"/>
    </file>
  </project>
</coverage>
