{"C:\\Users\\Dragos\\Desktop\\image-processing-service\\src\\clusterize\\clusterize.service.ts": {"path":"C:\\Users\\Dragos\\Desktop\\image-processing-service\\src\\clusterize\\clusterize.service.ts","statementMap":{"0":{"start":{"line":1,"column":0},"end":{"line":1,"column":30}},"1":{"start":{"line":2,"column":0},"end":{"line":2,"column":20}},"2":{"start":{"line":5,"column":18},"end":{"line":5,"column":34}},"3":{"start":{"line":7,"column":40},"end":{"line":9,"column":2}},"4":{"start":{"line":15,"column":4},"end":{"line":18,"column":6}},"5":{"start":{"line":22,"column":4},"end":{"line":22,"column":23}},"6":{"start":{"line":27,"column":4},"end":{"line":38,"column":5}},"7":{"start":{"line":28,"column":27},"end":{"line":28,"column":59}},"8":{"start":{"line":29,"column":6},"end":{"line":29,"column":57}},"9":{"start":{"line":30,"column":6},"end":{"line":34,"column":7}},"10":{"start":{"line":31,"column":8},"end":{"line":33,"column":9}},"11":{"start":{"line":31,"column":21},"end":{"line":31,"column":22}},"12":{"start":{"line":32,"column":10},"end":{"line":32,"column":25}},"13":{"start":{"line":35,"column":6},"end":{"line":35,"column":49}},"14":{"start":{"line":37,"column":6},"end":{"line":37,"column":30}},"15":{"start":{"line":39,"column":4},"end":{"line":39,"column":16}},"16":{"start":{"line":43,"column":4},"end":{"line":43,"column":54}},"17":{"start":{"line":11,"column":0},"end":{"line":11,"column":13}}},"fnMap":{"0":{"name":"(anonymous_1)","decl":{"start":{"line":14,"column":2},"end":{"line":14,"column":14}},"loc":{"start":{"line":14,"column":54},"end":{"line":19,"column":3}}},"1":{"name":"(anonymous_2)","decl":{"start":{"line":21,"column":9},"end":{"line":21,"column":18}},"loc":{"start":{"line":21,"column":18},"end":{"line":23,"column":3}}},"2":{"name":"(anonymous_3)","decl":{"start":{"line":25,"column":9},"end":{"line":25,"column":14}},"loc":{"start":{"line":25,"column":44},"end":{"line":40,"column":3}}},"3":{"name":"(anonymous_4)","decl":{"start":{"line":42,"column":10},"end":{"line":42,"column":27}},"loc":{"start":{"line":42,"column":39},"end":{"line":44,"column":3}}}},"branchMap":{"0":{"loc":{"start":{"line":14,"column":14},"end":{"line":14,"column":54}},"type":"default-arg","locations":[{"start":{"line":14,"column":41},"end":{"line":14,"column":54}}]},"1":{"loc":{"start":{"line":27,"column":4},"end":{"line":38,"column":5}},"type":"if","locations":[{"start":{"line":27,"column":4},"end":{"line":38,"column":5}},{"start":{"line":36,"column":11},"end":{"line":38,"column":5}}]},"2":{"loc":{"start":{"line":30,"column":6},"end":{"line":34,"column":7}},"type":"if","locations":[{"start":{"line":30,"column":6},"end":{"line":34,"column":7}}]}},"s":{"0":1,"1":1,"2":1,"3":1,"4":1,"5":2,"6":1,"7":1,"8":1,"9":1,"10":1,"11":1,"12":1,"13":1,"14":0,"15":1,"16":0,"17":1},"f":{"0":1,"1":2,"2":1,"3":0},"b":{"0":[0],"1":[1,0],"2":[1]}}
}
